<?xml version="1.0" encoding="UTF-8"?>
<testsuite name="MYUnit" tests="1" skipped="0" failures="0" errors="0" timestamp="2022-01-22T12:18:23" hostname="DESKTOP-285ADBM" time="10.028">
  <properties/>
  <testcase name="readExcelFile" classname="MYUnit" time="10.028"/>
  <system-out><![CDATA[Id|| 
Name|| 

1|| 
bushra|| 

2|| 
ishrat|| 

3|| 
Aysha|| 

4|| 
tonni|| 

5|| 
Taiva|| 

]]></system-out>
  <system-err><![CDATA[SLF4J: Failed to load class "org.slf4j.impl.StaticLoggerBinder".
SLF4J: Defaulting to no-operation (NOP) logger implementation
SLF4J: See http://www.slf4j.org/codes.html#StaticLoggerBinder for further details.
ERROR StatusLogger Log4j2 could not find a logging implementation. Please add log4j-core to the classpath. Using SimpleLogger to log to the console...
1642853904748	geckodriver	INFO	Listening on 127.0.0.1:50746
1642853906282	mozrunner::runner	INFO	Running command: "C:\\Program Files\\Mozilla Firefox\\firefox.exe" "--marionette" "--headed" "--remote-debugging-port" "60675" "-no-remote" "-profile" "C:\\Users\\USER\\AppData\\Local\\Temp\\rust_mozprofilet2O5W8"
1642853906945	Marionette	INFO	Marionette enabled
console.warn: SearchSettings: "get: No settings file exists, new profile?" (new NotFoundError("Could not open the file at C:\\Users\\USER\\AppData\\Local\\Temp\\rust_mozprofilet2O5W8\\search.json.mozlz4", (void 0)))
DevTools listening on ws://localhost:60675/devtools/browser/14803d2a-5b75-46ff-86ca-9ebc2818759a
1642853910323	Marionette	INFO	Listening on port 56835
1642853910502	RemoteAgent	WARN	TLS certificate errors will be ignored for this session
Jan 22, 2022 6:18:30 PM org.openqa.selenium.remote.ProtocolHandshake createSession
INFO: Detected dialect: W3C
Jan 22, 2022 6:18:31 PM org.openqa.selenium.devtools.CdpVersionFinder findNearestMatch
INFO: Found exact CDP implementation for version 85
1642853911283	Marionette	INFO	Stopped listening on port 56835

###!!! [Parent][RunMessage] Error: Channel closing: too late to send/recv, messages will be lost

]]></system-err>
</testsuite>
